<?xml version="1.0" encoding="UTF-8"?>
<testsuite name="testTCP" tests="1" skipped="0" failures="0" errors="0" timestamp="2015-11-24T23:13:07" hostname="sven-desktop" time="69.181">
  <properties/>
  <testcase name="testConnection" classname="testTCP" time="69.181"/>
  <system-out><![CDATA[]]></system-out>
  <system-err><![CDATA[java.net.SocketException: Socket is closed
]]></system-err>
</testsuite>
